<?xml version="1.0" encoding="UTF-8"?>
<testsuite xmlns:xsi="http://www.w3.org/2001/XMLSchema-instance" xsi:noNamespaceSchemaLocation="https://maven.apache.org/surefire/maven-surefire-plugin/xsd/surefire-test-report-3.0.xsd" version="3.0" name="org.apache.bookkeeper.bookie.FileInfoTest" time="0.568" tests="16" errors="0" skipped="0" failures="0">
  <properties>
    <property name="java.specification.version" value="18"/>
    <property name="sun.jnu.encoding" value="UTF-8"/>
    <property name="java.class.path" value="/home/stefano/Desktop/ISW2/de_angelis/bookkeeper/bookkeeper-server/target/test-classes:/home/stefano/Desktop/ISW2/de_angelis/bookkeeper/bookkeeper-server/target/classes:/home/stefano/Desktop/ISW2/de_angelis/bookkeeper/bookkeeper-common/target/classes:/home/stefano/Desktop/ISW2/de_angelis/bookkeeper/stats/bookkeeper-stats-api/target/classes:/home/stefano/Desktop/ISW2/de_angelis/bookkeeper/cpu-affinity/target/classes:/home/stefano/.m2/repository/com/google/guava/guava/31.0.1-jre/guava-31.0.1-jre.jar:/home/stefano/.m2/repository/com/google/guava/failureaccess/1.0.1/failureaccess-1.0.1.jar:/home/stefano/.m2/repository/com/google/guava/listenablefuture/9999.0-empty-to-avoid-conflict-with-guava/listenablefuture-9999.0-empty-to-avoid-conflict-with-guava.jar:/home/stefano/.m2/repository/org/checkerframework/checker-qual/3.12.0/checker-qual-3.12.0.jar:/home/stefano/.m2/repository/com/google/errorprone/error_prone_annotations/2.9.0/error_prone_annotations-2.9.0.jar:/home/stefano/.m2/repository/com/google/j2objc/j2objc-annotations/1.3/j2objc-annotations-1.3.jar:/home/stefano/.m2/repository/io/netty/netty-common/4.1.89.Final/netty-common-4.1.89.Final.jar:/home/stefano/.m2/repository/com/fasterxml/jackson/core/jackson-core/2.13.4/jackson-core-2.13.4.jar:/home/stefano/.m2/repository/com/fasterxml/jackson/core/jackson-databind/2.13.4.2/jackson-databind-2.13.4.2.jar:/home/stefano/.m2/repository/com/fasterxml/jackson/core/jackson-annotations/2.13.4/jackson-annotations-2.13.4.jar:/home/stefano/.m2/repository/org/jctools/jctools-core/2.1.2/jctools-core-2.1.2.jar:/home/stefano/.m2/repository/io/netty/incubator/netty-incubator-transport-native-io_uring/0.0.18.Final/netty-incubator-transport-native-io_uring-0.0.18.Final-linux-x86_64.jar:/home/stefano/.m2/repository/io/netty/incubator/netty-incubator-transport-classes-io_uring/0.0.18.Final/netty-incubator-transport-classes-io_uring-0.0.18.Final.jar:/home/stefano/.m2/repository/io/netty/incubator/netty-incubator-transport-native-io_uring/0.0.18.Final/netty-incubator-transport-native-io_uring-0.0.18.Final-linux-aarch_64.jar:/home/stefano/Desktop/ISW2/de_angelis/bookkeeper/bookkeeper-common-allocator/target/classes:/home/stefano/.m2/repository/io/netty/netty-buffer/4.1.89.Final/netty-buffer-4.1.89.Final.jar:/home/stefano/Desktop/ISW2/de_angelis/bookkeeper/bookkeeper-proto/target/classes:/home/stefano/.m2/repository/com/google/protobuf/protobuf-java/3.19.6/protobuf-java-3.19.6.jar:/home/stefano/Desktop/ISW2/de_angelis/bookkeeper/bookkeeper-slogger/slf4j/target/classes:/home/stefano/Desktop/ISW2/de_angelis/bookkeeper/bookkeeper-slogger/api/target/classes:/home/stefano/Desktop/ISW2/de_angelis/bookkeeper/tools/framework/target/classes:/home/stefano/Desktop/ISW2/de_angelis/bookkeeper/native-io/target/classes:/home/stefano/.m2/repository/org/rocksdb/rocksdbjni/7.9.2/rocksdbjni-7.9.2.jar:/home/stefano/.m2/repository/org/apache/zookeeper/zookeeper/3.8.1/zookeeper-3.8.1.jar:/home/stefano/.m2/repository/org/apache/zookeeper/zookeeper-jute/3.8.1/zookeeper-jute-3.8.1.jar:/home/stefano/.m2/repository/org/apache/yetus/audience-annotations/0.12.0/audience-annotations-0.12.0.jar:/home/stefano/.m2/repository/io/netty/netty-handler/4.1.89.Final/netty-handler-4.1.89.Final.jar:/home/stefano/.m2/repository/io/netty/netty-resolver/4.1.89.Final/netty-resolver-4.1.89.Final.jar:/home/stefano/.m2/repository/io/netty/netty-transport/4.1.89.Final/netty-transport-4.1.89.Final.jar:/home/stefano/.m2/repository/io/netty/netty-transport-native-unix-common/4.1.89.Final/netty-transport-native-unix-common-4.1.89.Final.jar:/home/stefano/.m2/repository/io/netty/netty-codec/4.1.89.Final/netty-codec-4.1.89.Final.jar:/home/stefano/.m2/repository/io/netty/netty-transport-native-epoll/4.1.89.Final/netty-transport-native-epoll-4.1.89.Final-linux-x86_64.jar:/home/stefano/.m2/repository/io/netty/netty-transport-classes-epoll/4.1.89.Final/netty-transport-classes-epoll-4.1.89.Final.jar:/home/stefano/.m2/repository/io/netty/netty-tcnative-boringssl-static/2.0.56.Final/netty-tcnative-boringssl-static-2.0.56.Final.jar:/home/stefano/.m2/repository/io/netty/netty-tcnative-classes/2.0.56.Final/netty-tcnative-classes-2.0.56.Final.jar:/home/stefano/.m2/repository/io/netty/netty-tcnative-boringssl-static/2.0.56.Final/netty-tcnative-boringssl-static-2.0.56.Final-linux-x86_64.jar:/home/stefano/.m2/repository/io/netty/netty-tcnative-boringssl-static/2.0.56.Final/netty-tcnative-boringssl-static-2.0.56.Final-linux-aarch_64.jar:/home/stefano/.m2/repository/io/netty/netty-tcnative-boringssl-static/2.0.56.Final/netty-tcnative-boringssl-static-2.0.56.Final-osx-x86_64.jar:/home/stefano/.m2/repository/io/netty/netty-tcnative-boringssl-static/2.0.56.Final/netty-tcnative-boringssl-static-2.0.56.Final-osx-aarch_64.jar:/home/stefano/.m2/repository/io/netty/netty-tcnative-boringssl-static/2.0.56.Final/netty-tcnative-boringssl-static-2.0.56.Final-windows-x86_64.jar:/home/stefano/Desktop/ISW2/de_angelis/bookkeeper/bookkeeper-http/http-server/target/classes:/home/stefano/Desktop/ISW2/de_angelis/bookkeeper/circe-checksum/target/classes:/home/stefano/.m2/repository/commons-cli/commons-cli/1.2/commons-cli-1.2.jar:/home/stefano/.m2/repository/commons-codec/commons-codec/1.6/commons-codec-1.6.jar:/home/stefano/.m2/repository/commons-io/commons-io/2.7/commons-io-2.7.jar:/home/stefano/.m2/repository/org/apache/commons/commons-lang3/3.6/commons-lang3-3.6.jar:/home/stefano/.m2/repository/org/apache/commons/commons-collections4/4.1/commons-collections4-4.1.jar:/home/stefano/.m2/repository/org/bouncycastle/bc-fips/1.0.2.3/bc-fips-1.0.2.3.jar:/home/stefano/.m2/repository/com/beust/jcommander/1.82/jcommander-1.82.jar:/home/stefano/.m2/repository/org/apache/httpcomponents/httpclient/4.5.13/httpclient-4.5.13.jar:/home/stefano/.m2/repository/org/apache/httpcomponents/httpcore/4.4.15/httpcore-4.4.15.jar:/home/stefano/.m2/repository/commons-logging/commons-logging/1.2/commons-logging-1.2.jar:/home/stefano/.m2/repository/io/reactivex/rxjava3/rxjava/3.0.1/rxjava-3.0.1.jar:/home/stefano/.m2/repository/org/reactivestreams/reactive-streams/1.0.3/reactive-streams-1.0.3.jar:/home/stefano/.m2/repository/org/xerial/snappy/snappy-java/1.1.7.7/snappy-java-1.1.7.7.jar:/home/stefano/.m2/repository/io/dropwizard/metrics/metrics-core/4.1.12.1/metrics-core-4.1.12.1.jar:/home/stefano/.m2/repository/com/carrotsearch/hppc/0.9.1/hppc-0.9.1.jar:/home/stefano/.m2/repository/org/apache/logging/log4j/log4j-core/2.18.0/log4j-core-2.18.0.jar:/home/stefano/.m2/repository/org/apache/logging/log4j/log4j-api/2.18.0/log4j-api-2.18.0.jar:/home/stefano/.m2/repository/org/apache/logging/log4j/log4j-slf4j-impl/2.18.0/log4j-slf4j-impl-2.18.0.jar:/home/stefano/.m2/repository/org/pitest/pitest-maven/1.5.1/pitest-maven-1.5.1.jar:/home/stefano/.m2/repository/org/pitest/pitest-entry/1.5.1/pitest-entry-1.5.1.jar:/home/stefano/.m2/repository/org/pitest/pitest/1.5.1/pitest-1.5.1.jar:/home/stefano/.m2/repository/org/pitest/pitest-html-report/1.5.1/pitest-html-report-1.5.1.jar:/home/stefano/.m2/repository/org/pitest/pitest-aggregator/1.5.1/pitest-aggregator-1.5.1.jar:/home/stefano/.m2/repository/org/apache/maven/maven-plugin-api/2.2.1/maven-plugin-api-2.2.1.jar:/home/stefano/.m2/repository/org/apache/maven/reporting/maven-reporting-api/2.2.1/maven-reporting-api-2.2.1.jar:/home/stefano/.m2/repository/org/apache/maven/doxia/doxia-sink-api/1.1/doxia-sink-api-1.1.jar:/home/stefano/.m2/repository/org/apache/maven/doxia/doxia-logging-api/1.1/doxia-logging-api-1.1.jar:/home/stefano/.m2/repository/commons-collections/commons-collections/3.2.2/commons-collections-3.2.2.jar:/home/stefano/.m2/repository/commons-beanutils/commons-beanutils/1.9.4/commons-beanutils-1.9.4.jar:/home/stefano/.m2/repository/org/codehaus/plexus/plexus-utils/3.3.0/plexus-utils-3.3.0.jar:/home/stefano/.m2/repository/org/apache/maven/reporting/maven-reporting-impl/2.0.4.3/maven-reporting-impl-2.0.4.3.jar:/home/stefano/.m2/repository/org/apache/maven/doxia/doxia-core/1.0/doxia-core-1.0.jar:/home/stefano/.m2/repository/org/apache/maven/doxia/doxia-site-renderer/1.0/doxia-site-renderer-1.0.jar:/home/stefano/.m2/repository/org/codehaus/plexus/plexus-i18n/1.0-beta-7/plexus-i18n-1.0-beta-7.jar:/home/stefano/.m2/repository/org/codehaus/plexus/plexus-velocity/1.1.7/plexus-velocity-1.1.7.jar:/home/stefano/.m2/repository/org/apache/velocity/velocity/1.5/velocity-1.5.jar:/home/stefano/.m2/repository/org/apache/maven/doxia/doxia-decoration-model/1.0/doxia-decoration-model-1.0.jar:/home/stefano/.m2/repository/org/apache/maven/doxia/doxia-module-apt/1.0/doxia-module-apt-1.0.jar:/home/stefano/.m2/repository/org/apache/maven/doxia/doxia-module-fml/1.0/doxia-module-fml-1.0.jar:/home/stefano/.m2/repository/org/apache/maven/doxia/doxia-module-xdoc/1.0/doxia-module-xdoc-1.0.jar:/home/stefano/.m2/repository/org/apache/maven/doxia/doxia-module-xhtml/1.0/doxia-module-xhtml-1.0.jar:/home/stefano/.m2/repository/commons-validator/commons-validator/1.2.0/commons-validator-1.2.0.jar:/home/stefano/.m2/repository/commons-digester/commons-digester/1.6/commons-digester-1.6.jar:/home/stefano/.m2/repository/oro/oro/2.0.8/oro-2.0.8.jar:/home/stefano/.m2/repository/xml-apis/xml-apis/1.0.b2/xml-apis-1.0.b2.jar:/home/stefano/.m2/repository/org/apache/maven/shared/maven-doxia-tools/1.0.2/maven-doxia-tools-1.0.2.jar:/home/stefano/.m2/repository/org/apache/maven/maven-project/2.2.1/maven-project-2.2.1.jar:/home/stefano/.m2/repository/org/apache/maven/maven-settings/2.2.1/maven-settings-2.2.1.jar:/home/stefano/.m2/repository/org/apache/maven/maven-profile/2.2.1/maven-profile-2.2.1.jar:/home/stefano/.m2/repository/org/apache/maven/maven-model/2.2.1/maven-model-2.2.1.jar:/home/stefano/.m2/repository/org/apache/maven/maven-artifact-manager/2.2.1/maven-artifact-manager-2.2.1.jar:/home/stefano/.m2/repository/org/apache/maven/maven-repository-metadata/2.2.1/maven-repository-metadata-2.2.1.jar:/home/stefano/.m2/repository/org/apache/maven/wagon/wagon-provider-api/1.0-beta-6/wagon-provider-api-1.0-beta-6.jar:/home/stefano/.m2/repository/backport-util-concurrent/backport-util-concurrent/3.1/backport-util-concurrent-3.1.jar:/home/stefano/.m2/repository/org/apache/maven/maven-plugin-registry/2.2.1/maven-plugin-registry-2.2.1.jar:/home/stefano/.m2/repository/org/codehaus/plexus/plexus-interpolation/1.11/plexus-interpolation-1.11.jar:/home/stefano/.m2/repository/org/codehaus/plexus/plexus-container-default/1.0-alpha-9-stable-1/plexus-container-default-1.0-alpha-9-stable-1.jar:/home/stefano/.m2/repository/classworlds/classworlds/1.1-alpha-2/classworlds-1.1-alpha-2.jar:/home/stefano/.m2/repository/org/apache/maven/scm/maven-scm-api/1.9.4/maven-scm-api-1.9.4.jar:/home/stefano/.m2/repository/org/apache/maven/scm/maven-scm-manager-plexus/1.9.4/maven-scm-manager-plexus-1.9.4.jar:/home/stefano/.m2/repository/org/codehaus/groovy/groovy-all/2.4.18/groovy-all-2.4.18.jar:/home/stefano/.m2/repository/org/apache/maven/scm/maven-scm-provider-accurev/1.9.4/maven-scm-provider-accurev-1.9.4.jar:/home/stefano/.m2/repository/org/apache/maven/scm/maven-scm-provider-bazaar/1.9.4/maven-scm-provider-bazaar-1.9.4.jar:/home/stefano/.m2/repository/org/apache/maven/scm/maven-scm-provider-clearcase/1.9.4/maven-scm-provider-clearcase-1.9.4.jar:/home/stefano/.m2/repository/org/apache/maven/scm/maven-scm-provider-cvsexe/1.9.4/maven-scm-provider-cvsexe-1.9.4.jar:/home/stefano/.m2/repository/org/apache/maven/scm/maven-scm-provider-cvs-commons/1.9.4/maven-scm-provider-cvs-commons-1.9.4.jar:/home/stefano/.m2/repository/org/apache/maven/scm/maven-scm-provider-cvsjava/1.9.4/maven-scm-provider-cvsjava-1.9.4.jar:/home/stefano/.m2/repository/org/netbeans/lib/cvsclient/20060125/cvsclient-20060125.jar:/home/stefano/.m2/repository/ch/ethz/ganymed/ganymed-ssh2/build210/ganymed-ssh2-build210.jar:/home/stefano/.m2/repository/org/apache/maven/scm/maven-scm-provider-gitexe/1.9.4/maven-scm-provider-gitexe-1.9.4.jar:/home/stefano/.m2/repository/org/apache/maven/scm/maven-scm-provider-git-commons/1.9.4/maven-scm-provider-git-commons-1.9.4.jar:/home/stefano/.m2/repository/org/apache/maven/scm/maven-scm-provider-hg/1.9.4/maven-scm-provider-hg-1.9.4.jar:/home/stefano/.m2/repository/org/apache/maven/scm/maven-scm-provider-perforce/1.9.4/maven-scm-provider-perforce-1.9.4.jar:/home/stefano/.m2/repository/org/apache/maven/scm/maven-scm-provider-starteam/1.9.4/maven-scm-provider-starteam-1.9.4.jar:/home/stefano/.m2/repository/org/apache/maven/scm/maven-scm-provider-svnexe/1.9.4/maven-scm-provider-svnexe-1.9.4.jar:/home/stefano/.m2/repository/org/apache/maven/scm/maven-scm-provider-svn-commons/1.9.4/maven-scm-provider-svn-commons-1.9.4.jar:/home/stefano/.m2/repository/org/apache/maven/scm/maven-scm-provider-synergy/1.9.4/maven-scm-provider-synergy-1.9.4.jar:/home/stefano/.m2/repository/org/apache/maven/scm/maven-scm-provider-vss/1.9.4/maven-scm-provider-vss-1.9.4.jar:/home/stefano/.m2/repository/org/apache/maven/scm/maven-scm-provider-tfs/1.9.4/maven-scm-provider-tfs-1.9.4.jar:/home/stefano/.m2/repository/org/apache/maven/scm/maven-scm-provider-integrity/1.9.4/maven-scm-provider-integrity-1.9.4.jar:/home/stefano/.m2/repository/com/mks/api/mksapi-jar/4.10.9049/mksapi-jar-4.10.9049.jar:/home/stefano/.m2/repository/org/apache/maven/scm/maven-scm-provider-jazz/1.9.4/maven-scm-provider-jazz-1.9.4.jar:/home/stefano/.m2/repository/org/apache/maven/surefire/surefire-booter/2.17/surefire-booter-2.17.jar:/home/stefano/.m2/repository/org/apache/maven/surefire/surefire-api/2.17/surefire-api-2.17.jar:/home/stefano/.m2/repository/org/apache/maven/surefire/maven-surefire-common/2.17/maven-surefire-common-2.17.jar:/home/stefano/.m2/repository/org/apache/maven/plugin-tools/maven-plugin-annotations/3.6.4/maven-plugin-annotations-3.6.4.jar:/home/stefano/.m2/repository/org/apache/maven/maven-plugin-descriptor/2.0.9/maven-plugin-descriptor-2.0.9.jar:/home/stefano/.m2/repository/org/apache/maven/maven-core/2.0.9/maven-core-2.0.9.jar:/home/stefano/.m2/repository/org/apache/maven/maven-plugin-parameter-documenter/2.0.9/maven-plugin-parameter-documenter-2.0.9.jar:/home/stefano/.m2/repository/org/apache/maven/maven-error-diagnostics/2.0.9/maven-error-diagnostics-2.0.9.jar:/home/stefano/.m2/repository/org/apache/maven/maven-monitor/2.0.9/maven-monitor-2.0.9.jar:/home/stefano/.m2/repository/org/apache/maven/maven-artifact/2.2.1/maven-artifact-2.2.1.jar:/home/stefano/.m2/repository/org/apache/maven/maven-toolchain/2.2.1/maven-toolchain-2.2.1.jar:/home/stefano/.m2/repository/org/slf4j/jul-to-slf4j/1.7.12/jul-to-slf4j-1.7.12.jar:/home/stefano/.m2/repository/uk/org/lidalia/sysout-over-slf4j/1.0.2/sysout-over-slf4j-1.0.2.jar:/home/stefano/.m2/repository/org/projectlombok/lombok/1.18.26/lombok-1.18.26.jar:/home/stefano/.m2/repository/com/github/spotbugs/spotbugs-annotations/4.6.0/spotbugs-annotations-4.6.0.jar:/home/stefano/.m2/repository/com/google/code/findbugs/jsr305/3.0.2/jsr305-3.0.2.jar:/home/stefano/.m2/repository/org/slf4j/slf4j-api/1.7.32/slf4j-api-1.7.32.jar:/home/stefano/.m2/repository/commons-configuration/commons-configuration/1.10/commons-configuration-1.10.jar:/home/stefano/.m2/repository/commons-lang/commons-lang/2.6/commons-lang-2.6.jar:/home/stefano/.m2/repository/junit/junit/4.12/junit-4.12.jar:/home/stefano/.m2/repository/org/hamcrest/hamcrest-core/1.3/hamcrest-core-1.3.jar:/home/stefano/.m2/repository/org/hamcrest/hamcrest-all/1.3/hamcrest-all-1.3.jar:/home/stefano/.m2/repository/org/mockito/mockito-core/3.12.4/mockito-core-3.12.4.jar:/home/stefano/.m2/repository/net/bytebuddy/byte-buddy/1.11.13/byte-buddy-1.11.13.jar:/home/stefano/.m2/repository/net/bytebuddy/byte-buddy-agent/1.11.13/byte-buddy-agent-1.11.13.jar:/home/stefano/.m2/repository/org/objenesis/objenesis/3.2/objenesis-3.2.jar:/home/stefano/.m2/repository/org/powermock/powermock-api-mockito2/2.0.9/powermock-api-mockito2-2.0.9.jar:/home/stefano/.m2/repository/org/powermock/powermock-api-support/2.0.9/powermock-api-support-2.0.9.jar:/home/stefano/.m2/repository/org/powermock/powermock-reflect/2.0.9/powermock-reflect-2.0.9.jar:/home/stefano/.m2/repository/org/powermock/powermock-core/2.0.9/powermock-core-2.0.9.jar:/home/stefano/.m2/repository/org/javassist/javassist/3.27.0-GA/javassist-3.27.0-GA.jar:/home/stefano/.m2/repository/org/powermock/powermock-module-junit4/2.0.9/powermock-module-junit4-2.0.9.jar:/home/stefano/.m2/repository/org/powermock/powermock-module-junit4-common/2.0.9/powermock-module-junit4-common-2.0.9.jar:"/>
    <property name="java.vm.vendor" value="Oracle Corporation"/>
    <property name="sun.arch.data.model" value="64"/>
    <property name="java.vendor.url" value="https://java.oracle.com/"/>
    <property name="os.name" value="Linux"/>
    <property name="java.vm.specification.version" value="18"/>
    <property name="sun.java.launcher" value="SUN_STANDARD"/>
    <property name="user.country" value="US"/>
    <property name="sun.boot.library.path" value="/usr/java/jdk-18/lib"/>
    <property name="sun.java.command" value="/home/stefano/Desktop/ISW2/de_angelis/bookkeeper/bookkeeper-server/target/surefire/surefirebooter5726711618579741483.jar /home/stefano/Desktop/ISW2/de_angelis/bookkeeper/bookkeeper-server/target/surefire 2023-09-14T18-31-33_457-jvmRun1 surefire11861413800010184239tmp surefire_05083553884834358462tmp"/>
    <property name="jdk.debug" value="release"/>
    <property name="surefire.test.class.path" value="/home/stefano/Desktop/ISW2/de_angelis/bookkeeper/bookkeeper-server/target/test-classes:/home/stefano/Desktop/ISW2/de_angelis/bookkeeper/bookkeeper-server/target/classes:/home/stefano/Desktop/ISW2/de_angelis/bookkeeper/bookkeeper-common/target/classes:/home/stefano/Desktop/ISW2/de_angelis/bookkeeper/stats/bookkeeper-stats-api/target/classes:/home/stefano/Desktop/ISW2/de_angelis/bookkeeper/cpu-affinity/target/classes:/home/stefano/.m2/repository/com/google/guava/guava/31.0.1-jre/guava-31.0.1-jre.jar:/home/stefano/.m2/repository/com/google/guava/failureaccess/1.0.1/failureaccess-1.0.1.jar:/home/stefano/.m2/repository/com/google/guava/listenablefuture/9999.0-empty-to-avoid-conflict-with-guava/listenablefuture-9999.0-empty-to-avoid-conflict-with-guava.jar:/home/stefano/.m2/repository/org/checkerframework/checker-qual/3.12.0/checker-qual-3.12.0.jar:/home/stefano/.m2/repository/com/google/errorprone/error_prone_annotations/2.9.0/error_prone_annotations-2.9.0.jar:/home/stefano/.m2/repository/com/google/j2objc/j2objc-annotations/1.3/j2objc-annotations-1.3.jar:/home/stefano/.m2/repository/io/netty/netty-common/4.1.89.Final/netty-common-4.1.89.Final.jar:/home/stefano/.m2/repository/com/fasterxml/jackson/core/jackson-core/2.13.4/jackson-core-2.13.4.jar:/home/stefano/.m2/repository/com/fasterxml/jackson/core/jackson-databind/2.13.4.2/jackson-databind-2.13.4.2.jar:/home/stefano/.m2/repository/com/fasterxml/jackson/core/jackson-annotations/2.13.4/jackson-annotations-2.13.4.jar:/home/stefano/.m2/repository/org/jctools/jctools-core/2.1.2/jctools-core-2.1.2.jar:/home/stefano/.m2/repository/io/netty/incubator/netty-incubator-transport-native-io_uring/0.0.18.Final/netty-incubator-transport-native-io_uring-0.0.18.Final-linux-x86_64.jar:/home/stefano/.m2/repository/io/netty/incubator/netty-incubator-transport-classes-io_uring/0.0.18.Final/netty-incubator-transport-classes-io_uring-0.0.18.Final.jar:/home/stefano/.m2/repository/io/netty/incubator/netty-incubator-transport-native-io_uring/0.0.18.Final/netty-incubator-transport-native-io_uring-0.0.18.Final-linux-aarch_64.jar:/home/stefano/Desktop/ISW2/de_angelis/bookkeeper/bookkeeper-common-allocator/target/classes:/home/stefano/.m2/repository/io/netty/netty-buffer/4.1.89.Final/netty-buffer-4.1.89.Final.jar:/home/stefano/Desktop/ISW2/de_angelis/bookkeeper/bookkeeper-proto/target/classes:/home/stefano/.m2/repository/com/google/protobuf/protobuf-java/3.19.6/protobuf-java-3.19.6.jar:/home/stefano/Desktop/ISW2/de_angelis/bookkeeper/bookkeeper-slogger/slf4j/target/classes:/home/stefano/Desktop/ISW2/de_angelis/bookkeeper/bookkeeper-slogger/api/target/classes:/home/stefano/Desktop/ISW2/de_angelis/bookkeeper/tools/framework/target/classes:/home/stefano/Desktop/ISW2/de_angelis/bookkeeper/native-io/target/classes:/home/stefano/.m2/repository/org/rocksdb/rocksdbjni/7.9.2/rocksdbjni-7.9.2.jar:/home/stefano/.m2/repository/org/apache/zookeeper/zookeeper/3.8.1/zookeeper-3.8.1.jar:/home/stefano/.m2/repository/org/apache/zookeeper/zookeeper-jute/3.8.1/zookeeper-jute-3.8.1.jar:/home/stefano/.m2/repository/org/apache/yetus/audience-annotations/0.12.0/audience-annotations-0.12.0.jar:/home/stefano/.m2/repository/io/netty/netty-handler/4.1.89.Final/netty-handler-4.1.89.Final.jar:/home/stefano/.m2/repository/io/netty/netty-resolver/4.1.89.Final/netty-resolver-4.1.89.Final.jar:/home/stefano/.m2/repository/io/netty/netty-transport/4.1.89.Final/netty-transport-4.1.89.Final.jar:/home/stefano/.m2/repository/io/netty/netty-transport-native-unix-common/4.1.89.Final/netty-transport-native-unix-common-4.1.89.Final.jar:/home/stefano/.m2/repository/io/netty/netty-codec/4.1.89.Final/netty-codec-4.1.89.Final.jar:/home/stefano/.m2/repository/io/netty/netty-transport-native-epoll/4.1.89.Final/netty-transport-native-epoll-4.1.89.Final-linux-x86_64.jar:/home/stefano/.m2/repository/io/netty/netty-transport-classes-epoll/4.1.89.Final/netty-transport-classes-epoll-4.1.89.Final.jar:/home/stefano/.m2/repository/io/netty/netty-tcnative-boringssl-static/2.0.56.Final/netty-tcnative-boringssl-static-2.0.56.Final.jar:/home/stefano/.m2/repository/io/netty/netty-tcnative-classes/2.0.56.Final/netty-tcnative-classes-2.0.56.Final.jar:/home/stefano/.m2/repository/io/netty/netty-tcnative-boringssl-static/2.0.56.Final/netty-tcnative-boringssl-static-2.0.56.Final-linux-x86_64.jar:/home/stefano/.m2/repository/io/netty/netty-tcnative-boringssl-static/2.0.56.Final/netty-tcnative-boringssl-static-2.0.56.Final-linux-aarch_64.jar:/home/stefano/.m2/repository/io/netty/netty-tcnative-boringssl-static/2.0.56.Final/netty-tcnative-boringssl-static-2.0.56.Final-osx-x86_64.jar:/home/stefano/.m2/repository/io/netty/netty-tcnative-boringssl-static/2.0.56.Final/netty-tcnative-boringssl-static-2.0.56.Final-osx-aarch_64.jar:/home/stefano/.m2/repository/io/netty/netty-tcnative-boringssl-static/2.0.56.Final/netty-tcnative-boringssl-static-2.0.56.Final-windows-x86_64.jar:/home/stefano/Desktop/ISW2/de_angelis/bookkeeper/bookkeeper-http/http-server/target/classes:/home/stefano/Desktop/ISW2/de_angelis/bookkeeper/circe-checksum/target/classes:/home/stefano/.m2/repository/commons-cli/commons-cli/1.2/commons-cli-1.2.jar:/home/stefano/.m2/repository/commons-codec/commons-codec/1.6/commons-codec-1.6.jar:/home/stefano/.m2/repository/commons-io/commons-io/2.7/commons-io-2.7.jar:/home/stefano/.m2/repository/org/apache/commons/commons-lang3/3.6/commons-lang3-3.6.jar:/home/stefano/.m2/repository/org/apache/commons/commons-collections4/4.1/commons-collections4-4.1.jar:/home/stefano/.m2/repository/org/bouncycastle/bc-fips/1.0.2.3/bc-fips-1.0.2.3.jar:/home/stefano/.m2/repository/com/beust/jcommander/1.82/jcommander-1.82.jar:/home/stefano/.m2/repository/org/apache/httpcomponents/httpclient/4.5.13/httpclient-4.5.13.jar:/home/stefano/.m2/repository/org/apache/httpcomponents/httpcore/4.4.15/httpcore-4.4.15.jar:/home/stefano/.m2/repository/commons-logging/commons-logging/1.2/commons-logging-1.2.jar:/home/stefano/.m2/repository/io/reactivex/rxjava3/rxjava/3.0.1/rxjava-3.0.1.jar:/home/stefano/.m2/repository/org/reactivestreams/reactive-streams/1.0.3/reactive-streams-1.0.3.jar:/home/stefano/.m2/repository/org/xerial/snappy/snappy-java/1.1.7.7/snappy-java-1.1.7.7.jar:/home/stefano/.m2/repository/io/dropwizard/metrics/metrics-core/4.1.12.1/metrics-core-4.1.12.1.jar:/home/stefano/.m2/repository/com/carrotsearch/hppc/0.9.1/hppc-0.9.1.jar:/home/stefano/.m2/repository/org/apache/logging/log4j/log4j-core/2.18.0/log4j-core-2.18.0.jar:/home/stefano/.m2/repository/org/apache/logging/log4j/log4j-api/2.18.0/log4j-api-2.18.0.jar:/home/stefano/.m2/repository/org/apache/logging/log4j/log4j-slf4j-impl/2.18.0/log4j-slf4j-impl-2.18.0.jar:/home/stefano/.m2/repository/org/pitest/pitest-maven/1.5.1/pitest-maven-1.5.1.jar:/home/stefano/.m2/repository/org/pitest/pitest-entry/1.5.1/pitest-entry-1.5.1.jar:/home/stefano/.m2/repository/org/pitest/pitest/1.5.1/pitest-1.5.1.jar:/home/stefano/.m2/repository/org/pitest/pitest-html-report/1.5.1/pitest-html-report-1.5.1.jar:/home/stefano/.m2/repository/org/pitest/pitest-aggregator/1.5.1/pitest-aggregator-1.5.1.jar:/home/stefano/.m2/repository/org/apache/maven/maven-plugin-api/2.2.1/maven-plugin-api-2.2.1.jar:/home/stefano/.m2/repository/org/apache/maven/reporting/maven-reporting-api/2.2.1/maven-reporting-api-2.2.1.jar:/home/stefano/.m2/repository/org/apache/maven/doxia/doxia-sink-api/1.1/doxia-sink-api-1.1.jar:/home/stefano/.m2/repository/org/apache/maven/doxia/doxia-logging-api/1.1/doxia-logging-api-1.1.jar:/home/stefano/.m2/repository/commons-collections/commons-collections/3.2.2/commons-collections-3.2.2.jar:/home/stefano/.m2/repository/commons-beanutils/commons-beanutils/1.9.4/commons-beanutils-1.9.4.jar:/home/stefano/.m2/repository/org/codehaus/plexus/plexus-utils/3.3.0/plexus-utils-3.3.0.jar:/home/stefano/.m2/repository/org/apache/maven/reporting/maven-reporting-impl/2.0.4.3/maven-reporting-impl-2.0.4.3.jar:/home/stefano/.m2/repository/org/apache/maven/doxia/doxia-core/1.0/doxia-core-1.0.jar:/home/stefano/.m2/repository/org/apache/maven/doxia/doxia-site-renderer/1.0/doxia-site-renderer-1.0.jar:/home/stefano/.m2/repository/org/codehaus/plexus/plexus-i18n/1.0-beta-7/plexus-i18n-1.0-beta-7.jar:/home/stefano/.m2/repository/org/codehaus/plexus/plexus-velocity/1.1.7/plexus-velocity-1.1.7.jar:/home/stefano/.m2/repository/org/apache/velocity/velocity/1.5/velocity-1.5.jar:/home/stefano/.m2/repository/org/apache/maven/doxia/doxia-decoration-model/1.0/doxia-decoration-model-1.0.jar:/home/stefano/.m2/repository/org/apache/maven/doxia/doxia-module-apt/1.0/doxia-module-apt-1.0.jar:/home/stefano/.m2/repository/org/apache/maven/doxia/doxia-module-fml/1.0/doxia-module-fml-1.0.jar:/home/stefano/.m2/repository/org/apache/maven/doxia/doxia-module-xdoc/1.0/doxia-module-xdoc-1.0.jar:/home/stefano/.m2/repository/org/apache/maven/doxia/doxia-module-xhtml/1.0/doxia-module-xhtml-1.0.jar:/home/stefano/.m2/repository/commons-validator/commons-validator/1.2.0/commons-validator-1.2.0.jar:/home/stefano/.m2/repository/commons-digester/commons-digester/1.6/commons-digester-1.6.jar:/home/stefano/.m2/repository/oro/oro/2.0.8/oro-2.0.8.jar:/home/stefano/.m2/repository/xml-apis/xml-apis/1.0.b2/xml-apis-1.0.b2.jar:/home/stefano/.m2/repository/org/apache/maven/shared/maven-doxia-tools/1.0.2/maven-doxia-tools-1.0.2.jar:/home/stefano/.m2/repository/org/apache/maven/maven-project/2.2.1/maven-project-2.2.1.jar:/home/stefano/.m2/repository/org/apache/maven/maven-settings/2.2.1/maven-settings-2.2.1.jar:/home/stefano/.m2/repository/org/apache/maven/maven-profile/2.2.1/maven-profile-2.2.1.jar:/home/stefano/.m2/repository/org/apache/maven/maven-model/2.2.1/maven-model-2.2.1.jar:/home/stefano/.m2/repository/org/apache/maven/maven-artifact-manager/2.2.1/maven-artifact-manager-2.2.1.jar:/home/stefano/.m2/repository/org/apache/maven/maven-repository-metadata/2.2.1/maven-repository-metadata-2.2.1.jar:/home/stefano/.m2/repository/org/apache/maven/wagon/wagon-provider-api/1.0-beta-6/wagon-provider-api-1.0-beta-6.jar:/home/stefano/.m2/repository/backport-util-concurrent/backport-util-concurrent/3.1/backport-util-concurrent-3.1.jar:/home/stefano/.m2/repository/org/apache/maven/maven-plugin-registry/2.2.1/maven-plugin-registry-2.2.1.jar:/home/stefano/.m2/repository/org/codehaus/plexus/plexus-interpolation/1.11/plexus-interpolation-1.11.jar:/home/stefano/.m2/repository/org/codehaus/plexus/plexus-container-default/1.0-alpha-9-stable-1/plexus-container-default-1.0-alpha-9-stable-1.jar:/home/stefano/.m2/repository/classworlds/classworlds/1.1-alpha-2/classworlds-1.1-alpha-2.jar:/home/stefano/.m2/repository/org/apache/maven/scm/maven-scm-api/1.9.4/maven-scm-api-1.9.4.jar:/home/stefano/.m2/repository/org/apache/maven/scm/maven-scm-manager-plexus/1.9.4/maven-scm-manager-plexus-1.9.4.jar:/home/stefano/.m2/repository/org/codehaus/groovy/groovy-all/2.4.18/groovy-all-2.4.18.jar:/home/stefano/.m2/repository/org/apache/maven/scm/maven-scm-provider-accurev/1.9.4/maven-scm-provider-accurev-1.9.4.jar:/home/stefano/.m2/repository/org/apache/maven/scm/maven-scm-provider-bazaar/1.9.4/maven-scm-provider-bazaar-1.9.4.jar:/home/stefano/.m2/repository/org/apache/maven/scm/maven-scm-provider-clearcase/1.9.4/maven-scm-provider-clearcase-1.9.4.jar:/home/stefano/.m2/repository/org/apache/maven/scm/maven-scm-provider-cvsexe/1.9.4/maven-scm-provider-cvsexe-1.9.4.jar:/home/stefano/.m2/repository/org/apache/maven/scm/maven-scm-provider-cvs-commons/1.9.4/maven-scm-provider-cvs-commons-1.9.4.jar:/home/stefano/.m2/repository/org/apache/maven/scm/maven-scm-provider-cvsjava/1.9.4/maven-scm-provider-cvsjava-1.9.4.jar:/home/stefano/.m2/repository/org/netbeans/lib/cvsclient/20060125/cvsclient-20060125.jar:/home/stefano/.m2/repository/ch/ethz/ganymed/ganymed-ssh2/build210/ganymed-ssh2-build210.jar:/home/stefano/.m2/repository/org/apache/maven/scm/maven-scm-provider-gitexe/1.9.4/maven-scm-provider-gitexe-1.9.4.jar:/home/stefano/.m2/repository/org/apache/maven/scm/maven-scm-provider-git-commons/1.9.4/maven-scm-provider-git-commons-1.9.4.jar:/home/stefano/.m2/repository/org/apache/maven/scm/maven-scm-provider-hg/1.9.4/maven-scm-provider-hg-1.9.4.jar:/home/stefano/.m2/repository/org/apache/maven/scm/maven-scm-provider-perforce/1.9.4/maven-scm-provider-perforce-1.9.4.jar:/home/stefano/.m2/repository/org/apache/maven/scm/maven-scm-provider-starteam/1.9.4/maven-scm-provider-starteam-1.9.4.jar:/home/stefano/.m2/repository/org/apache/maven/scm/maven-scm-provider-svnexe/1.9.4/maven-scm-provider-svnexe-1.9.4.jar:/home/stefano/.m2/repository/org/apache/maven/scm/maven-scm-provider-svn-commons/1.9.4/maven-scm-provider-svn-commons-1.9.4.jar:/home/stefano/.m2/repository/org/apache/maven/scm/maven-scm-provider-synergy/1.9.4/maven-scm-provider-synergy-1.9.4.jar:/home/stefano/.m2/repository/org/apache/maven/scm/maven-scm-provider-vss/1.9.4/maven-scm-provider-vss-1.9.4.jar:/home/stefano/.m2/repository/org/apache/maven/scm/maven-scm-provider-tfs/1.9.4/maven-scm-provider-tfs-1.9.4.jar:/home/stefano/.m2/repository/org/apache/maven/scm/maven-scm-provider-integrity/1.9.4/maven-scm-provider-integrity-1.9.4.jar:/home/stefano/.m2/repository/com/mks/api/mksapi-jar/4.10.9049/mksapi-jar-4.10.9049.jar:/home/stefano/.m2/repository/org/apache/maven/scm/maven-scm-provider-jazz/1.9.4/maven-scm-provider-jazz-1.9.4.jar:/home/stefano/.m2/repository/org/apache/maven/surefire/surefire-booter/2.17/surefire-booter-2.17.jar:/home/stefano/.m2/repository/org/apache/maven/surefire/surefire-api/2.17/surefire-api-2.17.jar:/home/stefano/.m2/repository/org/apache/maven/surefire/maven-surefire-common/2.17/maven-surefire-common-2.17.jar:/home/stefano/.m2/repository/org/apache/maven/plugin-tools/maven-plugin-annotations/3.6.4/maven-plugin-annotations-3.6.4.jar:/home/stefano/.m2/repository/org/apache/maven/maven-plugin-descriptor/2.0.9/maven-plugin-descriptor-2.0.9.jar:/home/stefano/.m2/repository/org/apache/maven/maven-core/2.0.9/maven-core-2.0.9.jar:/home/stefano/.m2/repository/org/apache/maven/maven-plugin-parameter-documenter/2.0.9/maven-plugin-parameter-documenter-2.0.9.jar:/home/stefano/.m2/repository/org/apache/maven/maven-error-diagnostics/2.0.9/maven-error-diagnostics-2.0.9.jar:/home/stefano/.m2/repository/org/apache/maven/maven-monitor/2.0.9/maven-monitor-2.0.9.jar:/home/stefano/.m2/repository/org/apache/maven/maven-artifact/2.2.1/maven-artifact-2.2.1.jar:/home/stefano/.m2/repository/org/apache/maven/maven-toolchain/2.2.1/maven-toolchain-2.2.1.jar:/home/stefano/.m2/repository/org/slf4j/jul-to-slf4j/1.7.12/jul-to-slf4j-1.7.12.jar:/home/stefano/.m2/repository/uk/org/lidalia/sysout-over-slf4j/1.0.2/sysout-over-slf4j-1.0.2.jar:/home/stefano/.m2/repository/org/projectlombok/lombok/1.18.26/lombok-1.18.26.jar:/home/stefano/.m2/repository/com/github/spotbugs/spotbugs-annotations/4.6.0/spotbugs-annotations-4.6.0.jar:/home/stefano/.m2/repository/com/google/code/findbugs/jsr305/3.0.2/jsr305-3.0.2.jar:/home/stefano/.m2/repository/org/slf4j/slf4j-api/1.7.32/slf4j-api-1.7.32.jar:/home/stefano/.m2/repository/commons-configuration/commons-configuration/1.10/commons-configuration-1.10.jar:/home/stefano/.m2/repository/commons-lang/commons-lang/2.6/commons-lang-2.6.jar:/home/stefano/.m2/repository/junit/junit/4.12/junit-4.12.jar:/home/stefano/.m2/repository/org/hamcrest/hamcrest-core/1.3/hamcrest-core-1.3.jar:/home/stefano/.m2/repository/org/hamcrest/hamcrest-all/1.3/hamcrest-all-1.3.jar:/home/stefano/.m2/repository/org/mockito/mockito-core/3.12.4/mockito-core-3.12.4.jar:/home/stefano/.m2/repository/net/bytebuddy/byte-buddy/1.11.13/byte-buddy-1.11.13.jar:/home/stefano/.m2/repository/net/bytebuddy/byte-buddy-agent/1.11.13/byte-buddy-agent-1.11.13.jar:/home/stefano/.m2/repository/org/objenesis/objenesis/3.2/objenesis-3.2.jar:/home/stefano/.m2/repository/org/powermock/powermock-api-mockito2/2.0.9/powermock-api-mockito2-2.0.9.jar:/home/stefano/.m2/repository/org/powermock/powermock-api-support/2.0.9/powermock-api-support-2.0.9.jar:/home/stefano/.m2/repository/org/powermock/powermock-reflect/2.0.9/powermock-reflect-2.0.9.jar:/home/stefano/.m2/repository/org/powermock/powermock-core/2.0.9/powermock-core-2.0.9.jar:/home/stefano/.m2/repository/org/javassist/javassist/3.27.0-GA/javassist-3.27.0-GA.jar:/home/stefano/.m2/repository/org/powermock/powermock-module-junit4/2.0.9/powermock-module-junit4-2.0.9.jar:/home/stefano/.m2/repository/org/powermock/powermock-module-junit4-common/2.0.9/powermock-module-junit4-common-2.0.9.jar:"/>
    <property name="sun.cpu.endian" value="little"/>
    <property name="user.home" value="/home/stefano"/>
    <property name="user.language" value="en"/>
    <property name="java.specification.vendor" value="Oracle Corporation"/>
    <property name="java.version.date" value="2022-03-22"/>
    <property name="java.home" value="/usr/java/jdk-18"/>
    <property name="file.separator" value="/"/>
    <property name="basedir" value="/home/stefano/Desktop/ISW2/de_angelis/bookkeeper/bookkeeper-server"/>
    <property name="style.color" value="always"/>
    <property name="java.vm.compressedOopsMode" value="Zero based"/>
    <property name="line.separator" value="&#10;"/>
    <property name="java.vm.specification.vendor" value="Oracle Corporation"/>
    <property name="java.specification.name" value="Java Platform API Specification"/>
    <property name="surefire.real.class.path" value="/home/stefano/Desktop/ISW2/de_angelis/bookkeeper/bookkeeper-server/target/surefire/surefirebooter5726711618579741483.jar"/>
    <property name="sun.management.compiler" value="HotSpot 64-Bit Tiered Compilers"/>
    <property name="java.runtime.version" value="18+36-2087"/>
    <property name="user.name" value="stefano"/>
    <property name="path.separator" value=":"/>
    <property name="os.version" value="5.15.0-83-generic"/>
    <property name="java.runtime.name" value="Java(TM) SE Runtime Environment"/>
    <property name="file.encoding" value="UTF-8"/>
    <property name="java.vm.name" value="Java HotSpot(TM) 64-Bit Server VM"/>
    <property name="localRepository" value="/home/stefano/.m2/repository"/>
    <property name="java.vendor.url.bug" value="https://bugreport.java.com/bugreport/"/>
    <property name="java.io.tmpdir" value="/tmp"/>
    <property name="java.version" value="18"/>
    <property name="user.dir" value="/home/stefano/Desktop/ISW2/de_angelis/bookkeeper/bookkeeper-server"/>
    <property name="os.arch" value="amd64"/>
    <property name="java.vm.specification.name" value="Java Virtual Machine Specification"/>
    <property name="native.encoding" value="UTF-8"/>
    <property name="java.library.path" value="/usr/java/packages/lib:/usr/lib64:/lib64:/lib:/usr/lib"/>
    <property name="java.vm.info" value="mixed mode, sharing"/>
    <property name="java.vendor" value="Oracle Corporation"/>
    <property name="java.vm.version" value="18+36-2087"/>
    <property name="sun.io.unicode.encoding" value="UnicodeLittle"/>
    <property name="java.class.version" value="62.0"/>
  </properties>
  <testcase name="readAbsoluteTest[0]" classname="org.apache.bookkeeper.bookie.FileInfoTest$ReadAbsoluteTest" time="0.011">
    <system-err><![CDATA[org.apache.bookkeeper.bookie.FileInfo$FileInfoDeletedException: FileInfo already deleted
	at org.apache.bookkeeper.bookie.FileInfo.checkOpen(FileInfo.java:284)
	at org.apache.bookkeeper.bookie.FileInfo.close(FileInfo.java:459)
	at org.apache.bookkeeper.bookie.FileInfoTest$ReadAbsoluteTest.tearDownEnvironment(FileInfoTest.java:122)
	at java.base/jdk.internal.reflect.DirectMethodHandleAccessor.invoke(DirectMethodHandleAccessor.java:104)
	at java.base/java.lang.reflect.Method.invoke(Method.java:577)
	at org.junit.runners.model.FrameworkMethod$1.runReflectiveCall(FrameworkMethod.java:50)
	at org.junit.internal.runners.model.ReflectiveCallable.run(ReflectiveCallable.java:12)
	at org.junit.runners.model.FrameworkMethod.invokeExplosively(FrameworkMethod.java:47)
	at org.junit.internal.runners.statements.RunAfters.evaluate(RunAfters.java:33)
	at org.junit.runners.ParentRunner.runLeaf(ParentRunner.java:325)
	at org.junit.runners.BlockJUnit4ClassRunner.runChild(BlockJUnit4ClassRunner.java:78)
	at org.junit.runners.BlockJUnit4ClassRunner.runChild(BlockJUnit4ClassRunner.java:57)
	at org.junit.runners.ParentRunner$3.run(ParentRunner.java:290)
	at org.junit.runners.ParentRunner$1.schedule(ParentRunner.java:71)
	at org.junit.runners.ParentRunner.runChildren(ParentRunner.java:288)
	at org.junit.runners.ParentRunner.access$000(ParentRunner.java:58)
	at org.junit.runners.ParentRunner$2.evaluate(ParentRunner.java:268)
	at org.junit.runners.ParentRunner.run(ParentRunner.java:363)
	at org.junit.runners.Suite.runChild(Suite.java:128)
	at org.junit.runners.Suite.runChild(Suite.java:27)
	at org.junit.runners.ParentRunner$3.run(ParentRunner.java:290)
	at org.junit.runners.ParentRunner$1.schedule(ParentRunner.java:71)
	at org.junit.runners.ParentRunner.runChildren(ParentRunner.java:288)
	at org.junit.runners.ParentRunner.access$000(ParentRunner.java:58)
	at org.junit.runners.ParentRunner$2.evaluate(ParentRunner.java:268)
	at org.junit.runners.ParentRunner.run(ParentRunner.java:363)
	at org.junit.runners.Suite.runChild(Suite.java:128)
	at org.junit.runners.Suite.runChild(Suite.java:27)
	at org.junit.runners.ParentRunner$3.run(ParentRunner.java:290)
	at org.junit.runners.ParentRunner$1.schedule(ParentRunner.java:71)
	at org.junit.runners.ParentRunner.runChildren(ParentRunner.java:288)
	at org.junit.runners.ParentRunner.access$000(ParentRunner.java:58)
	at org.junit.runners.ParentRunner$2.evaluate(ParentRunner.java:268)
	at org.junit.runners.ParentRunner.run(ParentRunner.java:363)
	at org.apache.maven.surefire.junit4.JUnit4Provider.execute(JUnit4Provider.java:364)
	at org.apache.maven.surefire.junit4.JUnit4Provider.executeWithRerun(JUnit4Provider.java:272)
	at org.apache.maven.surefire.junit4.JUnit4Provider.executeTestSet(JUnit4Provider.java:237)
	at org.apache.maven.surefire.junit4.JUnit4Provider.invoke(JUnit4Provider.java:158)
	at org.apache.maven.surefire.booter.ForkedBooter.runSuitesInProcess(ForkedBooter.java:428)
	at org.apache.maven.surefire.booter.ForkedBooter.execute(ForkedBooter.java:162)
	at org.apache.maven.surefire.booter.ForkedBooter.run(ForkedBooter.java:562)
	at org.apache.maven.surefire.booter.ForkedBooter.main(ForkedBooter.java:548)
]]></system-err>
  </testcase>
  <testcase name="readAbsoluteTest[1]" classname="org.apache.bookkeeper.bookie.FileInfoTest$ReadAbsoluteTest" time="0.002">
    <system-err><![CDATA[org.apache.bookkeeper.bookie.FileInfo$FileInfoDeletedException: FileInfo already deleted
	at org.apache.bookkeeper.bookie.FileInfo.checkOpen(FileInfo.java:284)
	at org.apache.bookkeeper.bookie.FileInfo.close(FileInfo.java:459)
	at org.apache.bookkeeper.bookie.FileInfoTest$ReadAbsoluteTest.tearDownEnvironment(FileInfoTest.java:122)
	at java.base/jdk.internal.reflect.DirectMethodHandleAccessor.invoke(DirectMethodHandleAccessor.java:104)
	at java.base/java.lang.reflect.Method.invoke(Method.java:577)
	at org.junit.runners.model.FrameworkMethod$1.runReflectiveCall(FrameworkMethod.java:50)
	at org.junit.internal.runners.model.ReflectiveCallable.run(ReflectiveCallable.java:12)
	at org.junit.runners.model.FrameworkMethod.invokeExplosively(FrameworkMethod.java:47)
	at org.junit.internal.runners.statements.RunAfters.evaluate(RunAfters.java:33)
	at org.junit.runners.ParentRunner.runLeaf(ParentRunner.java:325)
	at org.junit.runners.BlockJUnit4ClassRunner.runChild(BlockJUnit4ClassRunner.java:78)
	at org.junit.runners.BlockJUnit4ClassRunner.runChild(BlockJUnit4ClassRunner.java:57)
	at org.junit.runners.ParentRunner$3.run(ParentRunner.java:290)
	at org.junit.runners.ParentRunner$1.schedule(ParentRunner.java:71)
	at org.junit.runners.ParentRunner.runChildren(ParentRunner.java:288)
	at org.junit.runners.ParentRunner.access$000(ParentRunner.java:58)
	at org.junit.runners.ParentRunner$2.evaluate(ParentRunner.java:268)
	at org.junit.runners.ParentRunner.run(ParentRunner.java:363)
	at org.junit.runners.Suite.runChild(Suite.java:128)
	at org.junit.runners.Suite.runChild(Suite.java:27)
	at org.junit.runners.ParentRunner$3.run(ParentRunner.java:290)
	at org.junit.runners.ParentRunner$1.schedule(ParentRunner.java:71)
	at org.junit.runners.ParentRunner.runChildren(ParentRunner.java:288)
	at org.junit.runners.ParentRunner.access$000(ParentRunner.java:58)
	at org.junit.runners.ParentRunner$2.evaluate(ParentRunner.java:268)
	at org.junit.runners.ParentRunner.run(ParentRunner.java:363)
	at org.junit.runners.Suite.runChild(Suite.java:128)
	at org.junit.runners.Suite.runChild(Suite.java:27)
	at org.junit.runners.ParentRunner$3.run(ParentRunner.java:290)
	at org.junit.runners.ParentRunner$1.schedule(ParentRunner.java:71)
	at org.junit.runners.ParentRunner.runChildren(ParentRunner.java:288)
	at org.junit.runners.ParentRunner.access$000(ParentRunner.java:58)
	at org.junit.runners.ParentRunner$2.evaluate(ParentRunner.java:268)
	at org.junit.runners.ParentRunner.run(ParentRunner.java:363)
	at org.apache.maven.surefire.junit4.JUnit4Provider.execute(JUnit4Provider.java:364)
	at org.apache.maven.surefire.junit4.JUnit4Provider.executeWithRerun(JUnit4Provider.java:272)
	at org.apache.maven.surefire.junit4.JUnit4Provider.executeTestSet(JUnit4Provider.java:237)
	at org.apache.maven.surefire.junit4.JUnit4Provider.invoke(JUnit4Provider.java:158)
	at org.apache.maven.surefire.booter.ForkedBooter.runSuitesInProcess(ForkedBooter.java:428)
	at org.apache.maven.surefire.booter.ForkedBooter.execute(ForkedBooter.java:162)
	at org.apache.maven.surefire.booter.ForkedBooter.run(ForkedBooter.java:562)
	at org.apache.maven.surefire.booter.ForkedBooter.main(ForkedBooter.java:548)
]]></system-err>
  </testcase>
  <testcase name="readAbsoluteTest[2]" classname="org.apache.bookkeeper.bookie.FileInfoTest$ReadAbsoluteTest" time="0.004">
    <system-err><![CDATA[org.apache.bookkeeper.bookie.FileInfo$FileInfoDeletedException: FileInfo already deleted
	at org.apache.bookkeeper.bookie.FileInfo.checkOpen(FileInfo.java:284)
	at org.apache.bookkeeper.bookie.FileInfo.close(FileInfo.java:459)
	at org.apache.bookkeeper.bookie.FileInfoTest$ReadAbsoluteTest.tearDownEnvironment(FileInfoTest.java:122)
	at java.base/jdk.internal.reflect.DirectMethodHandleAccessor.invoke(DirectMethodHandleAccessor.java:104)
	at java.base/java.lang.reflect.Method.invoke(Method.java:577)
	at org.junit.runners.model.FrameworkMethod$1.runReflectiveCall(FrameworkMethod.java:50)
	at org.junit.internal.runners.model.ReflectiveCallable.run(ReflectiveCallable.java:12)
	at org.junit.runners.model.FrameworkMethod.invokeExplosively(FrameworkMethod.java:47)
	at org.junit.internal.runners.statements.RunAfters.evaluate(RunAfters.java:33)
	at org.junit.runners.ParentRunner.runLeaf(ParentRunner.java:325)
	at org.junit.runners.BlockJUnit4ClassRunner.runChild(BlockJUnit4ClassRunner.java:78)
	at org.junit.runners.BlockJUnit4ClassRunner.runChild(BlockJUnit4ClassRunner.java:57)
	at org.junit.runners.ParentRunner$3.run(ParentRunner.java:290)
	at org.junit.runners.ParentRunner$1.schedule(ParentRunner.java:71)
	at org.junit.runners.ParentRunner.runChildren(ParentRunner.java:288)
	at org.junit.runners.ParentRunner.access$000(ParentRunner.java:58)
	at org.junit.runners.ParentRunner$2.evaluate(ParentRunner.java:268)
	at org.junit.runners.ParentRunner.run(ParentRunner.java:363)
	at org.junit.runners.Suite.runChild(Suite.java:128)
	at org.junit.runners.Suite.runChild(Suite.java:27)
	at org.junit.runners.ParentRunner$3.run(ParentRunner.java:290)
	at org.junit.runners.ParentRunner$1.schedule(ParentRunner.java:71)
	at org.junit.runners.ParentRunner.runChildren(ParentRunner.java:288)
	at org.junit.runners.ParentRunner.access$000(ParentRunner.java:58)
	at org.junit.runners.ParentRunner$2.evaluate(ParentRunner.java:268)
	at org.junit.runners.ParentRunner.run(ParentRunner.java:363)
	at org.junit.runners.Suite.runChild(Suite.java:128)
	at org.junit.runners.Suite.runChild(Suite.java:27)
	at org.junit.runners.ParentRunner$3.run(ParentRunner.java:290)
	at org.junit.runners.ParentRunner$1.schedule(ParentRunner.java:71)
	at org.junit.runners.ParentRunner.runChildren(ParentRunner.java:288)
	at org.junit.runners.ParentRunner.access$000(ParentRunner.java:58)
	at org.junit.runners.ParentRunner$2.evaluate(ParentRunner.java:268)
	at org.junit.runners.ParentRunner.run(ParentRunner.java:363)
	at org.apache.maven.surefire.junit4.JUnit4Provider.execute(JUnit4Provider.java:364)
	at org.apache.maven.surefire.junit4.JUnit4Provider.executeWithRerun(JUnit4Provider.java:272)
	at org.apache.maven.surefire.junit4.JUnit4Provider.executeTestSet(JUnit4Provider.java:237)
	at org.apache.maven.surefire.junit4.JUnit4Provider.invoke(JUnit4Provider.java:158)
	at org.apache.maven.surefire.booter.ForkedBooter.runSuitesInProcess(ForkedBooter.java:428)
	at org.apache.maven.surefire.booter.ForkedBooter.execute(ForkedBooter.java:162)
	at org.apache.maven.surefire.booter.ForkedBooter.run(ForkedBooter.java:562)
	at org.apache.maven.surefire.booter.ForkedBooter.main(ForkedBooter.java:548)
]]></system-err>
  </testcase>
  <testcase name="readAbsoluteTest[3]" classname="org.apache.bookkeeper.bookie.FileInfoTest$ReadAbsoluteTest" time="0.003">
    <system-err><![CDATA[org.apache.bookkeeper.bookie.FileInfo$FileInfoDeletedException: FileInfo already deleted
	at org.apache.bookkeeper.bookie.FileInfo.checkOpen(FileInfo.java:284)
	at org.apache.bookkeeper.bookie.FileInfo.close(FileInfo.java:459)
	at org.apache.bookkeeper.bookie.FileInfoTest$ReadAbsoluteTest.tearDownEnvironment(FileInfoTest.java:122)
	at java.base/jdk.internal.reflect.DirectMethodHandleAccessor.invoke(DirectMethodHandleAccessor.java:104)
	at java.base/java.lang.reflect.Method.invoke(Method.java:577)
	at org.junit.runners.model.FrameworkMethod$1.runReflectiveCall(FrameworkMethod.java:50)
	at org.junit.internal.runners.model.ReflectiveCallable.run(ReflectiveCallable.java:12)
	at org.junit.runners.model.FrameworkMethod.invokeExplosively(FrameworkMethod.java:47)
	at org.junit.internal.runners.statements.RunAfters.evaluate(RunAfters.java:33)
	at org.junit.runners.ParentRunner.runLeaf(ParentRunner.java:325)
	at org.junit.runners.BlockJUnit4ClassRunner.runChild(BlockJUnit4ClassRunner.java:78)
	at org.junit.runners.BlockJUnit4ClassRunner.runChild(BlockJUnit4ClassRunner.java:57)
	at org.junit.runners.ParentRunner$3.run(ParentRunner.java:290)
	at org.junit.runners.ParentRunner$1.schedule(ParentRunner.java:71)
	at org.junit.runners.ParentRunner.runChildren(ParentRunner.java:288)
	at org.junit.runners.ParentRunner.access$000(ParentRunner.java:58)
	at org.junit.runners.ParentRunner$2.evaluate(ParentRunner.java:268)
	at org.junit.runners.ParentRunner.run(ParentRunner.java:363)
	at org.junit.runners.Suite.runChild(Suite.java:128)
	at org.junit.runners.Suite.runChild(Suite.java:27)
	at org.junit.runners.ParentRunner$3.run(ParentRunner.java:290)
	at org.junit.runners.ParentRunner$1.schedule(ParentRunner.java:71)
	at org.junit.runners.ParentRunner.runChildren(ParentRunner.java:288)
	at org.junit.runners.ParentRunner.access$000(ParentRunner.java:58)
	at org.junit.runners.ParentRunner$2.evaluate(ParentRunner.java:268)
	at org.junit.runners.ParentRunner.run(ParentRunner.java:363)
	at org.junit.runners.Suite.runChild(Suite.java:128)
	at org.junit.runners.Suite.runChild(Suite.java:27)
	at org.junit.runners.ParentRunner$3.run(ParentRunner.java:290)
	at org.junit.runners.ParentRunner$1.schedule(ParentRunner.java:71)
	at org.junit.runners.ParentRunner.runChildren(ParentRunner.java:288)
	at org.junit.runners.ParentRunner.access$000(ParentRunner.java:58)
	at org.junit.runners.ParentRunner$2.evaluate(ParentRunner.java:268)
	at org.junit.runners.ParentRunner.run(ParentRunner.java:363)
	at org.apache.maven.surefire.junit4.JUnit4Provider.execute(JUnit4Provider.java:364)
	at org.apache.maven.surefire.junit4.JUnit4Provider.executeWithRerun(JUnit4Provider.java:272)
	at org.apache.maven.surefire.junit4.JUnit4Provider.executeTestSet(JUnit4Provider.java:237)
	at org.apache.maven.surefire.junit4.JUnit4Provider.invoke(JUnit4Provider.java:158)
	at org.apache.maven.surefire.booter.ForkedBooter.runSuitesInProcess(ForkedBooter.java:428)
	at org.apache.maven.surefire.booter.ForkedBooter.execute(ForkedBooter.java:162)
	at org.apache.maven.surefire.booter.ForkedBooter.run(ForkedBooter.java:562)
	at org.apache.maven.surefire.booter.ForkedBooter.main(ForkedBooter.java:548)
]]></system-err>
  </testcase>
  <testcase name="readAbsoluteTest[4]" classname="org.apache.bookkeeper.bookie.FileInfoTest$ReadAbsoluteTest" time="0.003">
    <system-err><![CDATA[org.apache.bookkeeper.bookie.FileInfo$FileInfoDeletedException: FileInfo already deleted
	at org.apache.bookkeeper.bookie.FileInfo.checkOpen(FileInfo.java:284)
	at org.apache.bookkeeper.bookie.FileInfo.close(FileInfo.java:459)
	at org.apache.bookkeeper.bookie.FileInfoTest$ReadAbsoluteTest.tearDownEnvironment(FileInfoTest.java:122)
	at java.base/jdk.internal.reflect.DirectMethodHandleAccessor.invoke(DirectMethodHandleAccessor.java:104)
	at java.base/java.lang.reflect.Method.invoke(Method.java:577)
	at org.junit.runners.model.FrameworkMethod$1.runReflectiveCall(FrameworkMethod.java:50)
	at org.junit.internal.runners.model.ReflectiveCallable.run(ReflectiveCallable.java:12)
	at org.junit.runners.model.FrameworkMethod.invokeExplosively(FrameworkMethod.java:47)
	at org.junit.internal.runners.statements.RunAfters.evaluate(RunAfters.java:33)
	at org.junit.runners.ParentRunner.runLeaf(ParentRunner.java:325)
	at org.junit.runners.BlockJUnit4ClassRunner.runChild(BlockJUnit4ClassRunner.java:78)
	at org.junit.runners.BlockJUnit4ClassRunner.runChild(BlockJUnit4ClassRunner.java:57)
	at org.junit.runners.ParentRunner$3.run(ParentRunner.java:290)
	at org.junit.runners.ParentRunner$1.schedule(ParentRunner.java:71)
	at org.junit.runners.ParentRunner.runChildren(ParentRunner.java:288)
	at org.junit.runners.ParentRunner.access$000(ParentRunner.java:58)
	at org.junit.runners.ParentRunner$2.evaluate(ParentRunner.java:268)
	at org.junit.runners.ParentRunner.run(ParentRunner.java:363)
	at org.junit.runners.Suite.runChild(Suite.java:128)
	at org.junit.runners.Suite.runChild(Suite.java:27)
	at org.junit.runners.ParentRunner$3.run(ParentRunner.java:290)
	at org.junit.runners.ParentRunner$1.schedule(ParentRunner.java:71)
	at org.junit.runners.ParentRunner.runChildren(ParentRunner.java:288)
	at org.junit.runners.ParentRunner.access$000(ParentRunner.java:58)
	at org.junit.runners.ParentRunner$2.evaluate(ParentRunner.java:268)
	at org.junit.runners.ParentRunner.run(ParentRunner.java:363)
	at org.junit.runners.Suite.runChild(Suite.java:128)
	at org.junit.runners.Suite.runChild(Suite.java:27)
	at org.junit.runners.ParentRunner$3.run(ParentRunner.java:290)
	at org.junit.runners.ParentRunner$1.schedule(ParentRunner.java:71)
	at org.junit.runners.ParentRunner.runChildren(ParentRunner.java:288)
	at org.junit.runners.ParentRunner.access$000(ParentRunner.java:58)
	at org.junit.runners.ParentRunner$2.evaluate(ParentRunner.java:268)
	at org.junit.runners.ParentRunner.run(ParentRunner.java:363)
	at org.apache.maven.surefire.junit4.JUnit4Provider.execute(JUnit4Provider.java:364)
	at org.apache.maven.surefire.junit4.JUnit4Provider.executeWithRerun(JUnit4Provider.java:272)
	at org.apache.maven.surefire.junit4.JUnit4Provider.executeTestSet(JUnit4Provider.java:237)
	at org.apache.maven.surefire.junit4.JUnit4Provider.invoke(JUnit4Provider.java:158)
	at org.apache.maven.surefire.booter.ForkedBooter.runSuitesInProcess(ForkedBooter.java:428)
	at org.apache.maven.surefire.booter.ForkedBooter.execute(ForkedBooter.java:162)
	at org.apache.maven.surefire.booter.ForkedBooter.run(ForkedBooter.java:562)
	at org.apache.maven.surefire.booter.ForkedBooter.main(ForkedBooter.java:548)
]]></system-err>
  </testcase>
  <testcase name="readAbsoluteTest[5]" classname="org.apache.bookkeeper.bookie.FileInfoTest$ReadAbsoluteTest" time="0.002">
    <system-err><![CDATA[org.apache.bookkeeper.bookie.FileInfo$FileInfoDeletedException: FileInfo already deleted
	at org.apache.bookkeeper.bookie.FileInfo.checkOpen(FileInfo.java:284)
	at org.apache.bookkeeper.bookie.FileInfo.close(FileInfo.java:459)
	at org.apache.bookkeeper.bookie.FileInfoTest$ReadAbsoluteTest.tearDownEnvironment(FileInfoTest.java:122)
	at java.base/jdk.internal.reflect.DirectMethodHandleAccessor.invoke(DirectMethodHandleAccessor.java:104)
	at java.base/java.lang.reflect.Method.invoke(Method.java:577)
	at org.junit.runners.model.FrameworkMethod$1.runReflectiveCall(FrameworkMethod.java:50)
	at org.junit.internal.runners.model.ReflectiveCallable.run(ReflectiveCallable.java:12)
	at org.junit.runners.model.FrameworkMethod.invokeExplosively(FrameworkMethod.java:47)
	at org.junit.internal.runners.statements.RunAfters.evaluate(RunAfters.java:33)
	at org.junit.runners.ParentRunner.runLeaf(ParentRunner.java:325)
	at org.junit.runners.BlockJUnit4ClassRunner.runChild(BlockJUnit4ClassRunner.java:78)
	at org.junit.runners.BlockJUnit4ClassRunner.runChild(BlockJUnit4ClassRunner.java:57)
	at org.junit.runners.ParentRunner$3.run(ParentRunner.java:290)
	at org.junit.runners.ParentRunner$1.schedule(ParentRunner.java:71)
	at org.junit.runners.ParentRunner.runChildren(ParentRunner.java:288)
	at org.junit.runners.ParentRunner.access$000(ParentRunner.java:58)
	at org.junit.runners.ParentRunner$2.evaluate(ParentRunner.java:268)
	at org.junit.runners.ParentRunner.run(ParentRunner.java:363)
	at org.junit.runners.Suite.runChild(Suite.java:128)
	at org.junit.runners.Suite.runChild(Suite.java:27)
	at org.junit.runners.ParentRunner$3.run(ParentRunner.java:290)
	at org.junit.runners.ParentRunner$1.schedule(ParentRunner.java:71)
	at org.junit.runners.ParentRunner.runChildren(ParentRunner.java:288)
	at org.junit.runners.ParentRunner.access$000(ParentRunner.java:58)
	at org.junit.runners.ParentRunner$2.evaluate(ParentRunner.java:268)
	at org.junit.runners.ParentRunner.run(ParentRunner.java:363)
	at org.junit.runners.Suite.runChild(Suite.java:128)
	at org.junit.runners.Suite.runChild(Suite.java:27)
	at org.junit.runners.ParentRunner$3.run(ParentRunner.java:290)
	at org.junit.runners.ParentRunner$1.schedule(ParentRunner.java:71)
	at org.junit.runners.ParentRunner.runChildren(ParentRunner.java:288)
	at org.junit.runners.ParentRunner.access$000(ParentRunner.java:58)
	at org.junit.runners.ParentRunner$2.evaluate(ParentRunner.java:268)
	at org.junit.runners.ParentRunner.run(ParentRunner.java:363)
	at org.apache.maven.surefire.junit4.JUnit4Provider.execute(JUnit4Provider.java:364)
	at org.apache.maven.surefire.junit4.JUnit4Provider.executeWithRerun(JUnit4Provider.java:272)
	at org.apache.maven.surefire.junit4.JUnit4Provider.executeTestSet(JUnit4Provider.java:237)
	at org.apache.maven.surefire.junit4.JUnit4Provider.invoke(JUnit4Provider.java:158)
	at org.apache.maven.surefire.booter.ForkedBooter.runSuitesInProcess(ForkedBooter.java:428)
	at org.apache.maven.surefire.booter.ForkedBooter.execute(ForkedBooter.java:162)
	at org.apache.maven.surefire.booter.ForkedBooter.run(ForkedBooter.java:562)
	at org.apache.maven.surefire.booter.ForkedBooter.main(ForkedBooter.java:548)
]]></system-err>
  </testcase>
  <testcase name="readAbsoluteTest[6]" classname="org.apache.bookkeeper.bookie.FileInfoTest$ReadAbsoluteTest" time="0.005">
    <system-err><![CDATA[org.apache.bookkeeper.bookie.FileInfo$FileInfoDeletedException: FileInfo already deleted
	at org.apache.bookkeeper.bookie.FileInfo.checkOpen(FileInfo.java:284)
	at org.apache.bookkeeper.bookie.FileInfo.close(FileInfo.java:459)
	at org.apache.bookkeeper.bookie.FileInfoTest$ReadAbsoluteTest.tearDownEnvironment(FileInfoTest.java:122)
	at java.base/jdk.internal.reflect.DirectMethodHandleAccessor.invoke(DirectMethodHandleAccessor.java:104)
	at java.base/java.lang.reflect.Method.invoke(Method.java:577)
	at org.junit.runners.model.FrameworkMethod$1.runReflectiveCall(FrameworkMethod.java:50)
	at org.junit.internal.runners.model.ReflectiveCallable.run(ReflectiveCallable.java:12)
	at org.junit.runners.model.FrameworkMethod.invokeExplosively(FrameworkMethod.java:47)
	at org.junit.internal.runners.statements.RunAfters.evaluate(RunAfters.java:33)
	at org.junit.runners.ParentRunner.runLeaf(ParentRunner.java:325)
	at org.junit.runners.BlockJUnit4ClassRunner.runChild(BlockJUnit4ClassRunner.java:78)
	at org.junit.runners.BlockJUnit4ClassRunner.runChild(BlockJUnit4ClassRunner.java:57)
	at org.junit.runners.ParentRunner$3.run(ParentRunner.java:290)
	at org.junit.runners.ParentRunner$1.schedule(ParentRunner.java:71)
	at org.junit.runners.ParentRunner.runChildren(ParentRunner.java:288)
	at org.junit.runners.ParentRunner.access$000(ParentRunner.java:58)
	at org.junit.runners.ParentRunner$2.evaluate(ParentRunner.java:268)
	at org.junit.runners.ParentRunner.run(ParentRunner.java:363)
	at org.junit.runners.Suite.runChild(Suite.java:128)
	at org.junit.runners.Suite.runChild(Suite.java:27)
	at org.junit.runners.ParentRunner$3.run(ParentRunner.java:290)
	at org.junit.runners.ParentRunner$1.schedule(ParentRunner.java:71)
	at org.junit.runners.ParentRunner.runChildren(ParentRunner.java:288)
	at org.junit.runners.ParentRunner.access$000(ParentRunner.java:58)
	at org.junit.runners.ParentRunner$2.evaluate(ParentRunner.java:268)
	at org.junit.runners.ParentRunner.run(ParentRunner.java:363)
	at org.junit.runners.Suite.runChild(Suite.java:128)
	at org.junit.runners.Suite.runChild(Suite.java:27)
	at org.junit.runners.ParentRunner$3.run(ParentRunner.java:290)
	at org.junit.runners.ParentRunner$1.schedule(ParentRunner.java:71)
	at org.junit.runners.ParentRunner.runChildren(ParentRunner.java:288)
	at org.junit.runners.ParentRunner.access$000(ParentRunner.java:58)
	at org.junit.runners.ParentRunner$2.evaluate(ParentRunner.java:268)
	at org.junit.runners.ParentRunner.run(ParentRunner.java:363)
	at org.apache.maven.surefire.junit4.JUnit4Provider.execute(JUnit4Provider.java:364)
	at org.apache.maven.surefire.junit4.JUnit4Provider.executeWithRerun(JUnit4Provider.java:272)
	at org.apache.maven.surefire.junit4.JUnit4Provider.executeTestSet(JUnit4Provider.java:237)
	at org.apache.maven.surefire.junit4.JUnit4Provider.invoke(JUnit4Provider.java:158)
	at org.apache.maven.surefire.booter.ForkedBooter.runSuitesInProcess(ForkedBooter.java:428)
	at org.apache.maven.surefire.booter.ForkedBooter.execute(ForkedBooter.java:162)
	at org.apache.maven.surefire.booter.ForkedBooter.run(ForkedBooter.java:562)
	at org.apache.maven.surefire.booter.ForkedBooter.main(ForkedBooter.java:548)
]]></system-err>
  </testcase>
  <testcase name="readAbsoluteTest[7]" classname="org.apache.bookkeeper.bookie.FileInfoTest$ReadAbsoluteTest" time="0.002">
    <system-err><![CDATA[org.apache.bookkeeper.bookie.FileInfo$FileInfoDeletedException: FileInfo already deleted
	at org.apache.bookkeeper.bookie.FileInfo.checkOpen(FileInfo.java:284)
	at org.apache.bookkeeper.bookie.FileInfo.close(FileInfo.java:459)
	at org.apache.bookkeeper.bookie.FileInfoTest$ReadAbsoluteTest.tearDownEnvironment(FileInfoTest.java:122)
	at java.base/jdk.internal.reflect.DirectMethodHandleAccessor.invoke(DirectMethodHandleAccessor.java:104)
	at java.base/java.lang.reflect.Method.invoke(Method.java:577)
	at org.junit.runners.model.FrameworkMethod$1.runReflectiveCall(FrameworkMethod.java:50)
	at org.junit.internal.runners.model.ReflectiveCallable.run(ReflectiveCallable.java:12)
	at org.junit.runners.model.FrameworkMethod.invokeExplosively(FrameworkMethod.java:47)
	at org.junit.internal.runners.statements.RunAfters.evaluate(RunAfters.java:33)
	at org.junit.runners.ParentRunner.runLeaf(ParentRunner.java:325)
	at org.junit.runners.BlockJUnit4ClassRunner.runChild(BlockJUnit4ClassRunner.java:78)
	at org.junit.runners.BlockJUnit4ClassRunner.runChild(BlockJUnit4ClassRunner.java:57)
	at org.junit.runners.ParentRunner$3.run(ParentRunner.java:290)
	at org.junit.runners.ParentRunner$1.schedule(ParentRunner.java:71)
	at org.junit.runners.ParentRunner.runChildren(ParentRunner.java:288)
	at org.junit.runners.ParentRunner.access$000(ParentRunner.java:58)
	at org.junit.runners.ParentRunner$2.evaluate(ParentRunner.java:268)
	at org.junit.runners.ParentRunner.run(ParentRunner.java:363)
	at org.junit.runners.Suite.runChild(Suite.java:128)
	at org.junit.runners.Suite.runChild(Suite.java:27)
	at org.junit.runners.ParentRunner$3.run(ParentRunner.java:290)
	at org.junit.runners.ParentRunner$1.schedule(ParentRunner.java:71)
	at org.junit.runners.ParentRunner.runChildren(ParentRunner.java:288)
	at org.junit.runners.ParentRunner.access$000(ParentRunner.java:58)
	at org.junit.runners.ParentRunner$2.evaluate(ParentRunner.java:268)
	at org.junit.runners.ParentRunner.run(ParentRunner.java:363)
	at org.junit.runners.Suite.runChild(Suite.java:128)
	at org.junit.runners.Suite.runChild(Suite.java:27)
	at org.junit.runners.ParentRunner$3.run(ParentRunner.java:290)
	at org.junit.runners.ParentRunner$1.schedule(ParentRunner.java:71)
	at org.junit.runners.ParentRunner.runChildren(ParentRunner.java:288)
	at org.junit.runners.ParentRunner.access$000(ParentRunner.java:58)
	at org.junit.runners.ParentRunner$2.evaluate(ParentRunner.java:268)
	at org.junit.runners.ParentRunner.run(ParentRunner.java:363)
	at org.apache.maven.surefire.junit4.JUnit4Provider.execute(JUnit4Provider.java:364)
	at org.apache.maven.surefire.junit4.JUnit4Provider.executeWithRerun(JUnit4Provider.java:272)
	at org.apache.maven.surefire.junit4.JUnit4Provider.executeTestSet(JUnit4Provider.java:237)
	at org.apache.maven.surefire.junit4.JUnit4Provider.invoke(JUnit4Provider.java:158)
	at org.apache.maven.surefire.booter.ForkedBooter.runSuitesInProcess(ForkedBooter.java:428)
	at org.apache.maven.surefire.booter.ForkedBooter.execute(ForkedBooter.java:162)
	at org.apache.maven.surefire.booter.ForkedBooter.run(ForkedBooter.java:562)
	at org.apache.maven.surefire.booter.ForkedBooter.main(ForkedBooter.java:548)
]]></system-err>
  </testcase>
  <testcase name="readAbsoluteTest[8]" classname="org.apache.bookkeeper.bookie.FileInfoTest$ReadAbsoluteTest" time="0.002">
    <system-err><![CDATA[org.apache.bookkeeper.bookie.FileInfo$FileInfoDeletedException: FileInfo already deleted
	at org.apache.bookkeeper.bookie.FileInfo.checkOpen(FileInfo.java:284)
	at org.apache.bookkeeper.bookie.FileInfo.close(FileInfo.java:459)
	at org.apache.bookkeeper.bookie.FileInfoTest$ReadAbsoluteTest.tearDownEnvironment(FileInfoTest.java:122)
	at java.base/jdk.internal.reflect.DirectMethodHandleAccessor.invoke(DirectMethodHandleAccessor.java:104)
	at java.base/java.lang.reflect.Method.invoke(Method.java:577)
	at org.junit.runners.model.FrameworkMethod$1.runReflectiveCall(FrameworkMethod.java:50)
	at org.junit.internal.runners.model.ReflectiveCallable.run(ReflectiveCallable.java:12)
	at org.junit.runners.model.FrameworkMethod.invokeExplosively(FrameworkMethod.java:47)
	at org.junit.internal.runners.statements.RunAfters.evaluate(RunAfters.java:33)
	at org.junit.runners.ParentRunner.runLeaf(ParentRunner.java:325)
	at org.junit.runners.BlockJUnit4ClassRunner.runChild(BlockJUnit4ClassRunner.java:78)
	at org.junit.runners.BlockJUnit4ClassRunner.runChild(BlockJUnit4ClassRunner.java:57)
	at org.junit.runners.ParentRunner$3.run(ParentRunner.java:290)
	at org.junit.runners.ParentRunner$1.schedule(ParentRunner.java:71)
	at org.junit.runners.ParentRunner.runChildren(ParentRunner.java:288)
	at org.junit.runners.ParentRunner.access$000(ParentRunner.java:58)
	at org.junit.runners.ParentRunner$2.evaluate(ParentRunner.java:268)
	at org.junit.runners.ParentRunner.run(ParentRunner.java:363)
	at org.junit.runners.Suite.runChild(Suite.java:128)
	at org.junit.runners.Suite.runChild(Suite.java:27)
	at org.junit.runners.ParentRunner$3.run(ParentRunner.java:290)
	at org.junit.runners.ParentRunner$1.schedule(ParentRunner.java:71)
	at org.junit.runners.ParentRunner.runChildren(ParentRunner.java:288)
	at org.junit.runners.ParentRunner.access$000(ParentRunner.java:58)
	at org.junit.runners.ParentRunner$2.evaluate(ParentRunner.java:268)
	at org.junit.runners.ParentRunner.run(ParentRunner.java:363)
	at org.junit.runners.Suite.runChild(Suite.java:128)
	at org.junit.runners.Suite.runChild(Suite.java:27)
	at org.junit.runners.ParentRunner$3.run(ParentRunner.java:290)
	at org.junit.runners.ParentRunner$1.schedule(ParentRunner.java:71)
	at org.junit.runners.ParentRunner.runChildren(ParentRunner.java:288)
	at org.junit.runners.ParentRunner.access$000(ParentRunner.java:58)
	at org.junit.runners.ParentRunner$2.evaluate(ParentRunner.java:268)
	at org.junit.runners.ParentRunner.run(ParentRunner.java:363)
	at org.apache.maven.surefire.junit4.JUnit4Provider.execute(JUnit4Provider.java:364)
	at org.apache.maven.surefire.junit4.JUnit4Provider.executeWithRerun(JUnit4Provider.java:272)
	at org.apache.maven.surefire.junit4.JUnit4Provider.executeTestSet(JUnit4Provider.java:237)
	at org.apache.maven.surefire.junit4.JUnit4Provider.invoke(JUnit4Provider.java:158)
	at org.apache.maven.surefire.booter.ForkedBooter.runSuitesInProcess(ForkedBooter.java:428)
	at org.apache.maven.surefire.booter.ForkedBooter.execute(ForkedBooter.java:162)
	at org.apache.maven.surefire.booter.ForkedBooter.run(ForkedBooter.java:562)
	at org.apache.maven.surefire.booter.ForkedBooter.main(ForkedBooter.java:548)
]]></system-err>
  </testcase>
  <testcase name="moveToNewLocationTest[0]" classname="org.apache.bookkeeper.bookie.FileInfoTest$MoveToNewLocationTest" time="0.002"/>
  <testcase name="moveToNewLocationTest[1]" classname="org.apache.bookkeeper.bookie.FileInfoTest$MoveToNewLocationTest" time="0.002"/>
  <testcase name="moveToNewLocationTest[2]" classname="org.apache.bookkeeper.bookie.FileInfoTest$MoveToNewLocationTest" time="0.003"/>
  <testcase name="moveToNewLocationTest[3]" classname="org.apache.bookkeeper.bookie.FileInfoTest$MoveToNewLocationTest" time="0.002"/>
  <testcase name="moveToNewLocationTest[4]" classname="org.apache.bookkeeper.bookie.FileInfoTest$MoveToNewLocationTest" time="0.003"/>
  <testcase name="moveToNewLocationTest[5]" classname="org.apache.bookkeeper.bookie.FileInfoTest$MoveToNewLocationTest" time="0.002"/>
  <testcase name="moveToNewLocationTest[6]" classname="org.apache.bookkeeper.bookie.FileInfoTest$MoveToNewLocationTest" time="0.001"/>
</testsuite>